============================= test session starts =============================
platform win32 -- Python 3.13.7, pytest-9.0.2, pluggy-1.6.0 -- C:\Python313\python.exe
cachedir: .pytest_cache
rootdir: D:\Project\AIProject\MyProject\Ego
plugins: anyio-4.12.1, asyncio-1.3.0
asyncio: mode=Mode.STRICT, debug=False, asyncio_default_fixture_loop_scope=None, asyncio_default_test_loop_scope=function
collecting ... collected 3 items

labs/virtual_cat_pspc_v0/tests/test_admission_packet_contract.py::test_admission_packet_contract_has_no_egooperator_import_or_adapter_file FAILED [ 33%]
labs/virtual_cat_pspc_v0/tests/test_report_generation.py::test_experiment_runner_writes_canonical_reports FAILED [ 66%]
tests/test_ego_kernel_substrate.py::test_validation_runner_writes_contract_artifacts_and_passes FAILED [100%]

================================== FAILURES ===================================
__ test_admission_packet_contract_has_no_egooperator_import_or_adapter_file ___

    def test_admission_packet_contract_has_no_egooperator_import_or_adapter_file():
        module_path = Path("labs/virtual_cat_pspc_v0/admission_packet.py")
        adapter_path = Path("EgoOperator/adapters/pspc_lab_adapter.py")

>       assert not adapter_path.exists()
E       AssertionError: assert not True
E        +  where True = exists()
E        +    where exists = WindowsPath('EgoOperator/adapters/pspc_lab_adapter.py').exists

labs\virtual_cat_pspc_v0\tests\test_admission_packet_contract.py:95: AssertionError
_______________ test_experiment_runner_writes_canonical_reports _______________

tmp_path = WindowsPath('C:/Users/LEO/AppData/Local/Temp/pytest-of-LEO/pytest-1611/test_experiment_runner_writes_0')

    def test_experiment_runner_writes_canonical_reports(tmp_path):
        summary = run_experiments(tmp_path, seeds=[101, 102, 103])

        expected = [
            "BASELINE_REPORT.md",
            "DANGER_GENERALIZATION_REPORT.md",
            "MEMORY_DELETION_ABLATION.md",
            "FROZEN_WORLD_MODEL_ABLATION.md",
            "FROZEN_SELF_MODEL_ABLATION.md",
            "NO_PREDICTION_ERROR_LEARNING_ABLATION.md",
            "REPLAY_DETERMINISM_REPORT.md",
            "ANTI_HARDCODING_AUDIT.md",
            "GENERALIZATION_MATRIX_REPORT.md",
            "WORLD_MODEL_CAUSAL_STRENGTH_REPORT.md",
            "SELF_MODEL_CAUSAL_STRENGTH_REPORT.md",
            "MEMORY_CONSOLIDATION_ADMISSION_REPORT.md",
            "HOMEOSTATIC_VALUE_ANTI_HACKING_REPORT.md",
            "ADMISSION_PACKET_CONTRACT_REPORT.md",
            "GO_NO_GO_REVIEW.md",
        ]

        assert summary["overall_status"] == "E4_passed"
        for name in expected:
            report = Path(tmp_path) / name
            assert report.exists()
            text = report.read_text(encoding="utf-8")
            assert "## What It Proves" in text
            assert "## What It Does Not Prove" in text
            assert "## Failure Meaning" in text
            assert "## Rollback Note" in text
            assert "trace_hash" in text or name == "ANTI_HARDCODING_AUDIT.md"

        audit_json = Path(tmp_path) / "anti_hardcoding_audit.json"
        assert audit_json.exists()
        audit_text = (Path(tmp_path) / "ANTI_HARDCODING_AUDIT.md").read_text(encoding="utf-8")
        assert "- status: `pass`" in audit_text
        assert "object-name decision rule hits: `0`" in audit_text
        assert "## What It Proves" in audit_text
        assert "## What It Does Not Prove" in audit_text

        matrix_json = Path(tmp_path) / "generalization_matrix.json"
        assert matrix_json.exists()
        matrix_text = (Path(tmp_path) / "GENERALIZATION_MATRIX_REPORT.md").read_text(encoding="utf-8")
        assert "- status: `pass`" in matrix_text
        assert "cup, vase, bottle, tall_box" in matrix_text
        assert "## What It Proves" in matrix_text
        assert "## What It Does Not Prove" in matrix_text

        world_model_json = Path(tmp_path) / "world_model_causal_strength.json"
        assert world_model_json.exists()
        world_model_text = (Path(tmp_path) / "WORLD_MODEL_CAUSAL_STRENGTH_REPORT.md").read_text(encoding="utf-8")
        assert "- status: `pass`" in world_model_text
        assert "normal > frozen > shuffled/random" in world_model_text
        assert "## What It Proves" in world_model_text
        assert "## What It Does Not Prove" in world_model_text

        self_model_json = Path(tmp_path) / "self_model_causal_strength.json"
        assert self_model_json.exists()
        self_model_text = (Path(tmp_path) / "SELF_MODEL_CAUSAL_STRENGTH_REPORT.md").read_text(encoding="utf-8")
        assert "- status: `pass`" in self_model_text
        assert "normal > frozen/head-removed" in self_model_text
        assert "## What It Proves" in self_model_text
        assert "## What It Does Not Prove" in self_model_text

        memory_json = Path(tmp_path) / "memory_consolidation_admission.json"
        assert memory_json.exists()
        memory_text = (Path(tmp_path) / "MEMORY_CONSOLIDATION_ADMISSION_REPORT.md").read_text(encoding="utf-8")
        assert "- status: `pass`" in memory_text
        assert "normal / relevant_deleted / irrelevant_deleted / corrupted_relevant" in memory_text
        assert "## What It Proves" in memory_text
        assert "## What It Does Not Prove" in memory_text

        value_json = Path(tmp_path) / "homeostatic_value_anti_hacking.json"
        assert value_json.exists()
        value_text = (Path(tmp_path) / "HOMEOSTATIC_VALUE_ANTI_HACKING_REPORT.md").read_text(encoding="utf-8")
        assert "- status: `pass`" in value_text
        assert "high_curiosity_high_risk / food_reward_danger_conflict / user_affinity_self_risk_conflict / repetition_penalty / safe_energy_recovery" in value_text
        assert "## What It Proves" in value_text
        assert "## What It Does Not Prove" in value_text

        admission_schema = Path(tmp_path) / "admission_packet_contract.schema.json"
        assert admission_schema.exists()
        assert summary["admission_packet_contract_status"] == "pass"
        admission_text = (Path(tmp_path) / "ADMISSION_PACKET_CONTRACT_REPORT.md").read_text(encoding="utf-8")
        assert "- status: `pass`" in admission_text
        assert "proposal-only packet schema" in admission_text
        assert "## What It Proves" in admission_text
        assert "## What It Does Not Prove" in admission_text

        go_no_go_json = Path(tmp_path) / "go_no_go_review.json"
        assert go_no_go_json.exists()
>       assert summary["go_no_go_review_status"] == "go"
E       AssertionError: assert 'no_go' == 'go'
E
E         - go
E         + no_go

labs\virtual_cat_pspc_v0\tests\test_report_generation.py:97: AssertionError
_________ test_validation_runner_writes_contract_artifacts_and_passes _________

tmp_path = WindowsPath('C:/Users/LEO/AppData/Local/Temp/pytest-of-LEO/pytest-1611/test_validation_runner_writes_0')

    def test_validation_runner_writes_contract_artifacts_and_passes(tmp_path):
        result = run_validation(repo_root=ROOT, out_dir=tmp_path)

>       assert result["verdict"] == "r0_substrate_pass"
E       AssertionError: assert 'r0_substrate_fail_hygiene' == 'r0_substrate_pass'
E
E         - r0_substrate_pass
E         + r0_substrate_fail_hygiene

tests\test_ego_kernel_substrate.py:79: AssertionError
=========================== short test summary info ===========================
FAILED labs/virtual_cat_pspc_v0/tests/test_admission_packet_contract.py::test_admission_packet_contract_has_no_egooperator_import_or_adapter_file
FAILED labs/virtual_cat_pspc_v0/tests/test_report_generation.py::test_experiment_runner_writes_canonical_reports
FAILED tests/test_ego_kernel_substrate.py::test_validation_runner_writes_contract_artifacts_and_passes
============================= 3 failed in 37.76s ==============================
